2025-05-17 21:57:13,399 - INFO - Reading data...
2025-05-17 21:57:13,525 - INFO - Data shape: (15893, 56)
2025-05-17 21:57:13,525 - INFO - 
Performing feature engineering...
2025-05-17 21:57:13,549 - INFO - 
Performing feature selection using F-regression...
2025-05-17 21:57:13,553 - INFO - 
Top 5 features selected by F-regression:
2025-05-17 21:57:13,557 - INFO - 
              Feature      F-Score        P-value
11   Private Bathroom  3930.762259   0.000000e+00
10     Share Bathroom  2812.117255   0.000000e+00
5    Air-Conditioning  1013.753075  1.034850e-215
3       State_encoded   893.118296  5.671037e-191
2   Room Type_encoded   820.597594  5.165072e-176
2025-05-17 21:57:13,557 - INFO - Selected features: ['Private Bathroom' 'Share Bathroom' 'Air-Conditioning' 'State_encoded'
 'Room Type_encoded']
2025-05-17 21:57:13,679 - INFO - 
Splitting data...
2025-05-17 21:57:13,682 - INFO - Saving preprocessed data for model tuning...
2025-05-17 21:57:13,684 - INFO - 
Training and evaluating models...
2025-05-17 21:57:13,684 - INFO - 
Training Linear Regression...
2025-05-17 21:57:13,693 - INFO - 
Linear Regression Metrics:
2025-05-17 21:57:13,693 - INFO - R2 Score: 0.3458
2025-05-17 21:57:13,693 - INFO - RMSE: 224.60
2025-05-17 21:57:13,693 - INFO - MAE: 145.27
2025-05-17 21:57:13,693 - INFO - MAPE: 21.40%
2025-05-17 21:57:13,693 - INFO - 
Training Ridge Regression...
2025-05-17 21:57:13,697 - INFO - 
Ridge Regression Metrics:
2025-05-17 21:57:13,697 - INFO - R2 Score: 0.3458
2025-05-17 21:57:13,697 - INFO - RMSE: 224.60
2025-05-17 21:57:13,697 - INFO - MAE: 145.26
2025-05-17 21:57:13,697 - INFO - MAPE: 21.40%
2025-05-17 21:57:13,697 - INFO - 
Training Lasso Regression...
2025-05-17 21:57:13,707 - INFO - 
Lasso Regression Metrics:
2025-05-17 21:57:13,707 - INFO - R2 Score: 0.3448
2025-05-17 21:57:13,707 - INFO - RMSE: 224.76
2025-05-17 21:57:13,707 - INFO - MAE: 144.66
2025-05-17 21:57:13,707 - INFO - MAPE: 21.31%
2025-05-17 21:57:13,707 - INFO - 
Training ElasticNet...
2025-05-17 21:57:13,713 - INFO - 
ElasticNet Metrics:
2025-05-17 21:57:13,713 - INFO - R2 Score: 0.3100
2025-05-17 21:57:13,713 - INFO - RMSE: 230.66
2025-05-17 21:57:13,713 - INFO - MAE: 145.37
2025-05-17 21:57:13,714 - INFO - MAPE: 21.53%
2025-05-17 21:57:13,714 - INFO - 
Training Decision Tree...
2025-05-17 21:57:13,790 - INFO - 
Decision Tree Metrics:
2025-05-17 21:57:13,790 - INFO - R2 Score: 0.4902
2025-05-17 21:57:13,790 - INFO - RMSE: 198.26
2025-05-17 21:57:13,790 - INFO - MAE: 109.92
2025-05-17 21:57:13,790 - INFO - MAPE: 15.30%
2025-05-17 21:57:13,790 - INFO - 
Training Random Forest...
2025-05-17 21:57:19,451 - INFO - 
Random Forest Metrics:
2025-05-17 21:57:19,451 - INFO - R2 Score: 0.7131
2025-05-17 21:57:19,451 - INFO - RMSE: 148.74
2025-05-17 21:57:19,451 - INFO - MAE: 90.03
2025-05-17 21:57:19,451 - INFO - MAPE: 12.57%
2025-05-17 21:57:19,451 - INFO - 
Training Gradient Boosting...
2025-05-17 21:57:20,918 - INFO - 
Gradient Boosting Metrics:
2025-05-17 21:57:20,918 - INFO - R2 Score: 0.6454
2025-05-17 21:57:20,918 - INFO - RMSE: 165.36
2025-05-17 21:57:20,918 - INFO - MAE: 109.20
2025-05-17 21:57:20,918 - INFO - MAPE: 16.18%
2025-05-17 21:57:20,918 - INFO - 
Training XGBoost...
2025-05-17 21:57:21,063 - INFO - 
XGBoost Metrics:
2025-05-17 21:57:21,063 - INFO - R2 Score: 0.7447
2025-05-17 21:57:21,063 - INFO - RMSE: 140.30
2025-05-17 21:57:21,063 - INFO - MAE: 90.07
2025-05-17 21:57:21,063 - INFO - MAPE: 12.64%
2025-05-17 21:57:21,063 - INFO - 
Training LightGBM...
2025-05-17 21:57:21,480 - INFO - 
LightGBM Metrics:
2025-05-17 21:57:21,480 - INFO - R2 Score: 0.7172
2025-05-17 21:57:21,480 - INFO - RMSE: 147.67
2025-05-17 21:57:21,480 - INFO - MAE: 96.79
2025-05-17 21:57:21,480 - INFO - MAPE: 13.98%
2025-05-17 21:57:21,480 - INFO - 
Training SVR...
2025-05-17 21:57:27,330 - INFO - 
SVR Metrics:
2025-05-17 21:57:27,330 - INFO - R2 Score: 0.2261
2025-05-17 21:57:27,330 - INFO - RMSE: 244.28
2025-05-17 21:57:27,330 - INFO - MAE: 145.84
2025-05-17 21:57:27,330 - INFO - MAPE: 20.66%
2025-05-17 21:57:27,330 - INFO - 
Training Neural Network...
2025-05-17 21:57:44,135 - INFO - 
Neural Network Metrics:
2025-05-17 21:57:44,136 - INFO - R2 Score: 0.5864
2025-05-17 21:57:44,136 - INFO - RMSE: 178.59
2025-05-17 21:57:44,136 - INFO - MAE: 121.53
2025-05-17 21:57:44,136 - INFO - MAPE: 16.80%
2025-05-17 21:57:44,136 - INFO - 
Model Comparison:
2025-05-17 21:57:44,139 - INFO - 
                Model  R2 Score        RMSE         MAE       MAPE
7             XGBoost  0.744711  140.300396   90.066043  12.639822
8            LightGBM  0.717196  147.667786   96.793803  13.977345
5       Random Forest  0.713058  148.744181   90.025487  12.565374
6   Gradient Boosting  0.645353  165.364019  109.200800  16.184506
10     Neural Network  0.586353  178.590180  121.528399  16.799661
4       Decision Tree  0.490197  198.264063  109.921380  15.299191
0   Linear Regression  0.345769  224.599295  145.265222  21.400305
1    Ridge Regression  0.345765  224.599907  145.263872  21.400118
2    Lasso Regression  0.344833  224.759935  144.656051  21.307519
3          ElasticNet  0.309963  230.663477  145.369429  21.530858
9                 SVR  0.226099  244.278603  145.841789  20.656523
2025-05-17 21:57:44,248 - INFO - 
Creating visualizations...
2025-05-17 21:57:45,774 - INFO - 
Saving the best model (XGBoost)...
2025-05-17 21:57:45,775 - INFO - 
Top 3 models for tuning: ['XGBoost' 'LightGBM' 'Random Forest']
2025-05-17 21:57:45,775 - INFO - To tune these models, please run model_tuning.py
2025-05-17 21:57:45,775 - INFO - 
Modeling complete! Results have been saved.
2025-05-17 21:57:45,775 - INFO - Detailed log saved to room_price_modeling_20250517_215713.log
